<?xml version="1.0" encoding="UTF-8"?>
<!-- Generated by org.testng.reporters.JUnitReportReporter -->
<testsuite hostname="SIPL92" failures="0" tests="1" name="brokenLinks.BrokenLinks" time="887.518" errors="0" timestamp="2022-06-16T20:54:19 IST" skipped="0">
  <testcase classname="brokenLinks.BrokenLinks" name="brokenLinks" time="887.518"/>
  <system-out/>
</testsuite> <!-- brokenLinks.BrokenLinks -->
