<?xml version="1.0" encoding="UTF-8"?>
<!-- Generated by org.testng.reporters.JUnitReportReporter -->
<testsuite hostname="SIPL92" failures="0" tests="1" name="brokenLinks.BrokenLinks" time="118.220" errors="0" timestamp="2022-07-15T11:41:26 IST" skipped="0">
  <testcase classname="brokenLinks.BrokenLinks" name="brokenLinks" time="118.220"/>
  <system-out/>
</testsuite> <!-- brokenLinks.BrokenLinks -->
